# JRE version: Java(TM) SE Runtime Environment (8.0_51-b16) (build 1.8.0_51-b16)
# Java VM: Java HotSpot(TM) 64-Bit Server VM (25.51-b03 mixed mode windows-amd64 compressed oops)
Heap:
 PSYoungGen      total 2852864K, used 1394661K [0x00000006c0000000, 0x00000007c0000000, 0x00000007c0000000)
  eden space 2265088K, 35% used [0x00000006c0000000,0x00000006f1469618,0x000000074a400000)
  from space 587776K, 99% used [0x000000074a400000,0x000000076e1901c8,0x000000076e200000)
  to   space 982016K, 0% used [0x0000000784100000,0x0000000784100000,0x00000007c0000000)
 ParOldGen       total 2170880K, used 1536898K [0x00000004c0000000, 0x0000000544800000, 0x00000006c0000000)
  object space 2170880K, 70% used [0x00000004c0000000,0x000000051dce0940,0x0000000544800000)
 Metaspace       used 246434K, capacity 252127K, committed 252288K, reserved 1255424K
  class space    used 43638K, capacity 45623K, committed 45696K, reserved 1048576K
GC Heap History (10 events):
Event: 153.920 GC heap before
{Heap before GC invocations=48 (full 8):
 PSYoungGen      total 3701248K, used 3700993K [0x00000006c0000000, 0x00000007c0000000, 0x00000007c0000000)
  eden space 3265024K, 100% used [0x00000006c0000000,0x0000000787480000,0x0000000787480000)
  from space 436224K, 99% used [0x0000000787480000,0x00000007a1e40608,0x00000007a1e80000)
  to   space 493056K, 0% used [0x00000007a1e80000,0x00000007a1e80000,0x00000007c0000000)
 ParOldGen       total 1361408K, used 912854K [0x00000004c0000000, 0x0000000513180000, 0x00000006c0000000)
  object space 1361408K, 67% used [0x00000004c0000000,0x00000004f7b75b90,0x0000000513180000)
 Metaspace       used 242530K, capacity 248037K, committed 248448K, reserved 1253376K
  class space    used 43207K, capacity 45160K, committed 45184K, reserved 1048576K
Event: 154.175 GC heap after
Heap after GC invocations=48 (full 8):
 PSYoungGen      total 3489280K, used 493042K [0x00000006c0000000, 0x00000007c0000000, 0x00000007c0000000)
  eden space 2996224K, 0% used [0x00000006c0000000,0x00000006c0000000,0x0000000776e00000)
  from space 493056K, 99% used [0x00000007a1e80000,0x00000007bfffcb40,0x00000007c0000000)
  to   space 599040K, 0% used [0x0000000776e00000,0x0000000776e00000,0x000000079b700000)
 ParOldGen       total 1361408K, used 961398K [0x00000004c0000000, 0x0000000513180000, 0x00000006c0000000)
  object space 1361408K, 70% used [0x00000004c0000000,0x00000004faadd9e0,0x0000000513180000)
 Metaspace       used 242530K, capacity 248037K, committed 248448K, reserved 1253376K
  class space    used 43207K, capacity 45160K, committed 45184K, reserved 1048576K
}
Event: 176.483 GC heap before
{Heap before GC invocations=49 (full 8):
 PSYoungGen      total 3489280K, used 3489266K [0x00000006c0000000, 0x00000007c0000000, 0x00000007c0000000)
  eden space 2996224K, 100% used [0x00000006c0000000,0x0000000776e00000,0x0000000776e00000)
  from space 493056K, 99% used [0x00000007a1e80000,0x00000007bfffcb40,0x00000007c0000000)
  to   space 599040K, 0% used [0x0000000776e00000,0x0000000776e00000,0x000000079b700000)
 ParOldGen       total 1361408K, used 961398K [0x00000004c0000000, 0x0000000513180000, 0x00000006c0000000)
  object space 1361408K, 70% used [0x00000004c0000000,0x00000004faadd9e0,0x0000000513180000)
 Metaspace       used 244615K, capacity 250213K, committed 250496K, reserved 1255424K
  class space    used 43442K, capacity 45402K, committed 45440K, reserved 1048576K
Event: 176.785 GC heap after
Heap after GC invocations=49 (full 8):
 PSYoungGen      total 3595264K, used 599036K [0x00000006c0000000, 0x00000007c0000000, 0x00000007c0000000)
  eden space 2996224K, 0% used [0x00000006c0000000,0x00000006c0000000,0x0000000776e00000)
  from space 599040K, 99% used [0x0000000776e00000,0x000000079b6ff2e0,0x000000079b700000)
  to   space 599040K, 0% used [0x000000079b700000,0x000000079b700000,0x00000007c0000000)
 ParOldGen       total 1361408K, used 1124442K [0x00000004c0000000, 0x0000000513180000, 0x00000006c0000000)
  object space 1361408K, 82% used [0x00000004c0000000,0x0000000504a168f8,0x0000000513180000)
 Metaspace       used 244615K, capacity 250213K, committed 250496K, reserved 1255424K
  class space    used 43442K, capacity 45402K, committed 45440K, reserved 1048576K
}
Event: 181.202 GC heap before
{Heap before GC invocations=50 (full 8):
 PSYoungGen      total 3595264K, used 3595260K [0x00000006c0000000, 0x00000007c0000000, 0x00000007c0000000)
  eden space 2996224K, 100% used [0x00000006c0000000,0x0000000776e00000,0x0000000776e00000)
  from space 599040K, 99% used [0x0000000776e00000,0x000000079b6ff2e0,0x000000079b700000)
  to   space 599040K, 0% used [0x000000079b700000,0x000000079b700000,0x00000007c0000000)
 ParOldGen       total 1361408K, used 1124442K [0x00000004c0000000, 0x0000000513180000, 0x00000006c0000000)
  object space 1361408K, 82% used [0x00000004c0000000,0x0000000504a168f8,0x0000000513180000)
 Metaspace       used 245137K, capacity 250797K, committed 251136K, reserved 1255424K
  class space    used 43492K, capacity 45472K, committed 45568K, reserved 1048576K
Event: 181.623 GC heap after
Heap after GC invocations=50 (full 8):
 PSYoungGen      total 2864128K, used 599012K [0x00000006c0000000, 0x00000007c0000000, 0x00000007c0000000)
  eden space 2265088K, 0% used [0x00000006c0000000,0x00000006c0000000,0x000000074a400000)
  from space 599040K, 99% used [0x000000079b700000,0x00000007bfff9310,0x00000007c0000000)
  to   space 964608K, 0% used [0x000000074a400000,0x000000074a400000,0x0000000785200000)
 ParOldGen       total 1537024K, used 1536589K [0x00000004c0000000, 0x000000051dd00000, 0x00000006c0000000)
  object space 1537024K, 99% used [0x00000004c0000000,0x000000051dc93610,0x000000051dd00000)
 Metaspace       used 245137K, capacity 250797K, committed 251136K, reserved 1255424K
  class space    used 43492K, capacity 45472K, committed 45568K, reserved 1048576K
}
Event: 181.623 GC heap before
{Heap before GC invocations=51 (full 9):
 PSYoungGen      total 2864128K, used 599012K [0x00000006c0000000, 0x00000007c0000000, 0x00000007c0000000)
  eden space 2265088K, 0% used [0x00000006c0000000,0x00000006c0000000,0x000000074a400000)
  from space 599040K, 99% used [0x000000079b700000,0x00000007bfff9310,0x00000007c0000000)
  to   space 964608K, 0% used [0x000000074a400000,0x000000074a400000,0x0000000785200000)
 ParOldGen       total 1537024K, used 1536589K [0x00000004c0000000, 0x000000051dd00000, 0x00000006c0000000)
  object space 1537024K, 99% used [0x00000004c0000000,0x000000051dc93610,0x000000051dd00000)
 Metaspace       used 245137K, capacity 250797K, committed 251136K, reserved 1255424K
  class space    used 43492K, capacity 45472K, committed 45568K, reserved 1048576K
Event: 184.328 GC heap after
Heap after GC invocations=51 (full 9):
 PSYoungGen      total 2864128K, used 417821K [0x00000006c0000000, 0x00000007c0000000, 0x00000007c0000000)
  eden space 2265088K, 0% used [0x00000006c0000000,0x00000006c0000000,0x000000074a400000)
  from space 599040K, 69% used [0x000000079b700000,0x00000007b4f076a0,0x00000007c0000000)
  to   space 964608K, 0% used [0x000000074a400000,0x000000074a400000,0x0000000785200000)
 ParOldGen       total 2170880K, used 1536890K [0x00000004c0000000, 0x0000000544800000, 0x00000006c0000000)
  object space 2170880K, 70% used [0x00000004c0000000,0x000000051dcde940,0x0000000544800000)
 Metaspace       used 245137K, capacity 250797K, committed 251136K, reserved 1255424K
  class space    used 43492K, capacity 45472K, committed 45568K, reserved 1048576K
}
Event: 186.782 GC heap before
{Heap before GC invocations=52 (full 9):
 PSYoungGen      total 2864128K, used 2682909K [0x00000006c0000000, 0x00000007c0000000, 0x00000007c0000000)
  eden space 2265088K, 100% used [0x00000006c0000000,0x000000074a400000,0x000000074a400000)
  from space 599040K, 69% used [0x000000079b700000,0x00000007b4f076a0,0x00000007c0000000)
  to   space 964608K, 0% used [0x000000074a400000,0x000000074a400000,0x0000000785200000)
 ParOldGen       total 2170880K, used 1536890K [0x00000004c0000000, 0x0000000544800000, 0x00000006c0000000)
  object space 2170880K, 70% used [0x00000004c0000000,0x000000051dcde940,0x0000000544800000)
 Metaspace       used 245913K, capacity 251591K, committed 251648K, reserved 1255424K
  class space    used 43578K, capacity 45543K, committed 45568K, reserved 1048576K
Event: 187.067 GC heap after
Heap after GC invocations=52 (full 9):
 PSYoungGen      total 2852864K, used 587328K [0x00000006c0000000, 0x00000007c0000000, 0x00000007c0000000)
  eden space 2265088K, 0% used [0x00000006c0000000,0x00000006c0000000,0x000000074a400000)
  from space 587776K, 99% used [0x000000074a400000,0x000000076e1901c8,0x000000076e200000)
  to   space 982016K, 0% used [0x0000000784100000,0x0000000784100000,0x00000007c0000000)
 ParOldGen       total 2170880K, used 1536898K [0x00000004c0000000, 0x0000000544800000, 0x00000006c0000000)
  object space 2170880K, 70% used [0x00000004c0000000,0x000000051dce0940,0x0000000544800000)
 Metaspace       used 245913K, capacity 251591K, committed 251648K, reserved 1255424K
  class space    used 43578K, capacity 45543K, committed 45568K, reserved 1048576K
}

